<?xml version="1.0" encoding="UTF-8"?>
<!-- Generated by org.testng.reporters.JUnitXMLReporter -->
<testsuite hostname="DESKTOP-9S87ER3" ignored="0" name="Default test" tests="31" failures="3" timestamp="18 Jun 2021 16:12:37 GMT" time="415.243" errors="0">
  <testcase name="validateBrokenImage" time="2.494" classname="com.aisha.DemoQASiteTestNG.TestClasses.BrokenLinksTest"/>
  <testcase name="validateBrokenLink" time="0.398" classname="com.aisha.DemoQASiteTestNG.TestClasses.BrokenLinksTest">
    <failure type="java.lang.AssertionError" message="expected [http://the-internet.herokuapp.com/status_codes/500] but found [https://demoqa.com/broken]">
      <![CDATA[java.lang.AssertionError: expected [http://the-internet.herokuapp.com/status_codes/500] but found [https://demoqa.com/broken]
at org.testng.Assert.fail(Assert.java:96)
at org.testng.Assert.failNotEquals(Assert.java:776)
at org.testng.Assert.assertEqualsImpl(Assert.java:137)
at org.testng.Assert.assertEquals(Assert.java:118)
at org.testng.Assert.assertEquals(Assert.java:453)
at org.testng.Assert.assertEquals(Assert.java:463)
at com.aisha.DemoQASiteTestNG.TestClasses.BrokenLinksTest.validateBrokenLink(BrokenLinksTest.java:48)
at sun.reflect.NativeMethodAccessorImpl.invoke0(Native Method)
at sun.reflect.NativeMethodAccessorImpl.invoke(NativeMethodAccessorImpl.java:62)
at sun.reflect.DelegatingMethodAccessorImpl.invoke(DelegatingMethodAccessorImpl.java:43)
at java.lang.reflect.Method.invoke(Method.java:498)
at org.testng.internal.MethodInvocationHelper.invokeMethod(MethodInvocationHelper.java:124)
at org.testng.internal.Invoker.invokeMethod(Invoker.java:580)
at org.testng.internal.Invoker.invokeTestMethod(Invoker.java:716)
at org.testng.internal.Invoker.invokeTestMethods(Invoker.java:988)
at org.testng.internal.TestMethodWorker.invokeTestMethods(TestMethodWorker.java:125)
at org.testng.internal.TestMethodWorker.run(TestMethodWorker.java:109)
at org.testng.TestRunner.privateRun(TestRunner.java:648)
at org.testng.TestRunner.run(TestRunner.java:505)
at org.testng.SuiteRunner.runTest(SuiteRunner.java:455)
at org.testng.SuiteRunner.runSequentially(SuiteRunner.java:450)
at org.testng.SuiteRunner.privateRun(SuiteRunner.java:415)
at org.testng.SuiteRunner.run(SuiteRunner.java:364)
at org.testng.SuiteRunnerWorker.runSuite(SuiteRunnerWorker.java:52)
at org.testng.SuiteRunnerWorker.run(SuiteRunnerWorker.java:84)
at org.testng.TestNG.runSuitesSequentially(TestNG.java:1208)
at org.testng.TestNG.runSuitesLocally(TestNG.java:1137)
at org.testng.TestNG.runSuites(TestNG.java:1049)
at org.testng.TestNG.run(TestNG.java:1017)
at org.testng.remote.AbstractRemoteTestNG.run(AbstractRemoteTestNG.java:114)
at org.testng.remote.RemoteTestNG.initAndRun(RemoteTestNG.java:251)
at org.testng.remote.RemoteTestNG.main(RemoteTestNG.java:77)
]]>
    </failure>
  </testcase> <!-- validateBrokenLink -->
  <testcase name="validateValidImage" time="2.53" classname="com.aisha.DemoQASiteTestNG.TestClasses.BrokenLinksTest"/>
  <testcase name="validateValidLink" time="2.063" classname="com.aisha.DemoQASiteTestNG.TestClasses.BrokenLinksTest"/>
  <testcase name="validateClickMethod" time="20.994" classname="com.aisha.DemoQASiteTestNG.TestClasses.ButtonTest">
    <failure type="java.lang.AssertionError" message="expected [You have done a dynamic click] but found [Not displayed]">
      <![CDATA[java.lang.AssertionError: expected [You have done a dynamic click] but found [Not displayed]
at org.testng.Assert.fail(Assert.java:96)
at org.testng.Assert.failNotEquals(Assert.java:776)
at org.testng.Assert.assertEqualsImpl(Assert.java:137)
at org.testng.Assert.assertEquals(Assert.java:118)
at org.testng.Assert.assertEquals(Assert.java:453)
at org.testng.Assert.assertEquals(Assert.java:463)
at com.aisha.DemoQASiteTestNG.TestClasses.ButtonTest.validateClickMethod(ButtonTest.java:48)
at sun.reflect.NativeMethodAccessorImpl.invoke0(Native Method)
at sun.reflect.NativeMethodAccessorImpl.invoke(NativeMethodAccessorImpl.java:62)
at sun.reflect.DelegatingMethodAccessorImpl.invoke(DelegatingMethodAccessorImpl.java:43)
at java.lang.reflect.Method.invoke(Method.java:498)
at org.testng.internal.MethodInvocationHelper.invokeMethod(MethodInvocationHelper.java:124)
at org.testng.internal.Invoker.invokeMethod(Invoker.java:580)
at org.testng.internal.Invoker.invokeTestMethod(Invoker.java:716)
at org.testng.internal.Invoker.invokeTestMethods(Invoker.java:988)
at org.testng.internal.TestMethodWorker.invokeTestMethods(TestMethodWorker.java:125)
at org.testng.internal.TestMethodWorker.run(TestMethodWorker.java:109)
at org.testng.TestRunner.privateRun(TestRunner.java:648)
at org.testng.TestRunner.run(TestRunner.java:505)
at org.testng.SuiteRunner.runTest(SuiteRunner.java:455)
at org.testng.SuiteRunner.runSequentially(SuiteRunner.java:450)
at org.testng.SuiteRunner.privateRun(SuiteRunner.java:415)
at org.testng.SuiteRunner.run(SuiteRunner.java:364)
at org.testng.SuiteRunnerWorker.runSuite(SuiteRunnerWorker.java:52)
at org.testng.SuiteRunnerWorker.run(SuiteRunnerWorker.java:84)
at org.testng.TestNG.runSuitesSequentially(TestNG.java:1208)
at org.testng.TestNG.runSuitesLocally(TestNG.java:1137)
at org.testng.TestNG.runSuites(TestNG.java:1049)
at org.testng.TestNG.run(TestNG.java:1017)
at org.testng.remote.AbstractRemoteTestNG.run(AbstractRemoteTestNG.java:114)
at org.testng.remote.RemoteTestNG.initAndRun(RemoteTestNG.java:251)
at org.testng.remote.RemoteTestNG.main(RemoteTestNG.java:77)
]]>
    </failure>
  </testcase> <!-- validateClickMethod -->
  <testcase name="validateDoubleClickMethod" time="0.554" classname="com.aisha.DemoQASiteTestNG.TestClasses.ButtonTest"/>
  <testcase name="validateRightClickMethod" time="0.442" classname="com.aisha.DemoQASiteTestNG.TestClasses.ButtonTest"/>
  <testcase name="savingData" time="1.835" classname="com.aisha.DemoQASiteTestNG.TestClasses.WebTableTest"/>
  <testcase name="validateInvalidSavingData" time="1.226" classname="com.aisha.DemoQASiteTestNG.TestClasses.WebTableTest"/>
  <testcase name="validateSavingData" time="1.129" classname="com.aisha.DemoQASiteTestNG.TestClasses.WebTableTest"/>
  <testcase name="validatesearchData" time="1.28" classname="com.aisha.DemoQASiteTestNG.TestClasses.WebTableTest"/>
  <testcase name="isElementsCardClickable" time="0.131" classname="com.aisha.DemoQASiteTestNG.TestClasses.CheckBoxTest"/>
  <testcase name="validatecheckBoxOptionsDescription" time="0.509" classname="com.aisha.DemoQASiteTestNG.TestClasses.CheckBoxTest"/>
  <testcase name="validatecheckBoxOptionsDescription" time="0.48" classname="com.aisha.DemoQASiteTestNG.TestClasses.CheckBoxTest"/>
  <testcase name="validatecheckBoxOptionsDescription" time="0.53" classname="com.aisha.DemoQASiteTestNG.TestClasses.CheckBoxTest"/>
  <testcase name="validateBadRequestLink" time="1.017" classname="com.aisha.DemoQASiteTestNG.TestClasses.LinksTest"/>
  <testcase name="validateCreatedLink" time="1.04" classname="com.aisha.DemoQASiteTestNG.TestClasses.LinksTest"/>
  <testcase name="validateForbiddenLink" time="1.02" classname="com.aisha.DemoQASiteTestNG.TestClasses.LinksTest"/>
  <testcase name="validateHomeLink" time="3.11" classname="com.aisha.DemoQASiteTestNG.TestClasses.LinksTest"/>
  <testcase name="validateHomepvlkLink" time="2.421" classname="com.aisha.DemoQASiteTestNG.TestClasses.LinksTest"/>
  <testcase name="validateMovedLink" time="0.955" classname="com.aisha.DemoQASiteTestNG.TestClasses.LinksTest"/>
  <testcase name="validateNoContentLink" time="0.98" classname="com.aisha.DemoQASiteTestNG.TestClasses.LinksTest"/>
  <testcase name="validateNotFoundLink" time="1.018" classname="com.aisha.DemoQASiteTestNG.TestClasses.LinksTest"/>
  <testcase name="validateUnauthorisedLink" time="1.028" classname="com.aisha.DemoQASiteTestNG.TestClasses.LinksTest"/>
  <testcase name="validateImpressiveRadioButton" time="0.315" classname="com.aisha.DemoQASiteTestNG.TestClasses.RadioTest"/>
  <testcase name="validateNORadioButton" time="0.415" classname="com.aisha.DemoQASiteTestNG.TestClasses.RadioTest"/>
  <testcase name="validateYESRadioButton" time="0.325" classname="com.aisha.DemoQASiteTestNG.TestClasses.RadioTest"/>
  <testcase name="isElementsCardClickable" time="0.226" classname="com.aisha.DemoQASiteTestNG.TestClasses.TextBoxTest"/>
  <testcase name="isEmailBoxHighlighted" time="1.435" classname="com.aisha.DemoQASiteTestNG.TestClasses.TextBoxTest">
    <failure type="org.openqa.selenium.ElementClickInterceptedException" message="element click intercepted: Element &amp;lt;button id=&amp;quot;submit&amp;quot; type=&amp;quot;button&amp;quot; class=&amp;quot;btn btn-primary&amp;quot;&amp;gt;...&amp;lt;/button&amp;gt; is not clickable at point (1078, 639). Other element would receive the click: &amp;lt;iframe frameborder=&amp;quot;0&amp;quot; src=&amp;quot;https://5571fb93a127f05db8bf575a75ba1ead.safeframe.googlesyndication.com/safeframe/1-0-38/html/container.html&amp;quot; id=&amp;quot;google_ads_iframe_/21849154601,22343295815/Ad.Plus-Anchor_0&amp;quot; title=&amp;quot;3rd party ad content&amp;quot; name=&amp;quot;&amp;quot; scrolling=&amp;quot;no&amp;quot; marginwidth=&amp;quot;0&amp;quot; marginheight=&amp;quot;0&amp;quot; width=&amp;quot;728&amp;quot; height=&amp;quot;90&amp;quot; data-is-safeframe=&amp;quot;true&amp;quot; sandbox=&amp;quot;allow-forms allow-popups allow-popups-to-escape-sandbox allow-same-origin allow-scripts allow-top-navigation-by-user-activation&amp;quot; allow=&amp;quot;conversion-measurement&amp;quot; data-google-container-id=&amp;quot;1&amp;quot; style=&amp;quot;border: 0px; vertical-align: bottom;&amp;quot; data-load-complete=&amp;quot;true&amp;quot;&amp;gt;&amp;lt;/iframe&amp;gt;
  (Session info: chrome=91.0.4472.106)
Build info: version: &amp;apos;3.12.0&amp;apos;, revision: &amp;apos;7c6e0b3&amp;apos;, time: &amp;apos;2018-05-08T15:15:03.216Z&amp;apos;
System info: host: &amp;apos;DESKTOP-9S87ER3&amp;apos;, ip: &amp;apos;192.168.1.13&amp;apos;, os.name: &amp;apos;Windows 10&amp;apos;, os.arch: &amp;apos;amd64&amp;apos;, os.version: &amp;apos;10.0&amp;apos;, java.version: &amp;apos;1.8.0_161&amp;apos;
Driver info: org.openqa.selenium.chrome.ChromeDriver
Capabilities {acceptInsecureCerts: false, browserName: chrome, browserVersion: 91.0.4472.106, chrome: {chromedriverVersion: 91.0.4472.101 (af52a90bf870..., userDataDir: C:\Users\ROOHIA~1\AppData\L...}, goog:chromeOptions: {debuggerAddress: localhost:55902}, javascriptEnabled: true, networkConnectionEnabled: false, pageLoadStrategy: normal, platform: WINDOWS, platformName: WINDOWS, proxy: Proxy(), setWindowRect: true, strictFileInteractability: false, timeouts: {implicit: 0, pageLoad: 300000, script: 30000}, unhandledPromptBehavior: dismiss and notify, webauthn:extension:largeBlob: true, webauthn:virtualAuthenticators: true}
Session ID: f773f6048f885b62d8eb755c0b374f7e">
      <![CDATA[org.openqa.selenium.ElementClickInterceptedException: element click intercepted: Element <button id="submit" type="button" class="btn btn-primary">...</button> is not clickable at point (1078, 639). Other element would receive the click: <iframe frameborder="0" src="https://5571fb93a127f05db8bf575a75ba1ead.safeframe.googlesyndication.com/safeframe/1-0-38/html/container.html" id="google_ads_iframe_/21849154601,22343295815/Ad.Plus-Anchor_0" title="3rd party ad content" name="" scrolling="no" marginwidth="0" marginheight="0" width="728" height="90" data-is-safeframe="true" sandbox="allow-forms allow-popups allow-popups-to-escape-sandbox allow-same-origin allow-scripts allow-top-navigation-by-user-activation" allow="conversion-measurement" data-google-container-id="1" style="border: 0px; vertical-align: bottom;" data-load-complete="true"></iframe>
  (Session info: chrome=91.0.4472.106)
Build info: version: '3.12.0', revision: '7c6e0b3', time: '2018-05-08T15:15:03.216Z'
System info: host: 'DESKTOP-9S87ER3', ip: '192.168.1.13', os.name: 'Windows 10', os.arch: 'amd64', os.version: '10.0', java.version: '1.8.0_161'
Driver info: org.openqa.selenium.chrome.ChromeDriver
Capabilities {acceptInsecureCerts: false, browserName: chrome, browserVersion: 91.0.4472.106, chrome: {chromedriverVersion: 91.0.4472.101 (af52a90bf870..., userDataDir: C:\Users\ROOHIA~1\AppData\L...}, goog:chromeOptions: {debuggerAddress: localhost:55902}, javascriptEnabled: true, networkConnectionEnabled: false, pageLoadStrategy: normal, platform: WINDOWS, platformName: WINDOWS, proxy: Proxy(), setWindowRect: true, strictFileInteractability: false, timeouts: {implicit: 0, pageLoad: 300000, script: 30000}, unhandledPromptBehavior: dismiss and notify, webauthn:extension:largeBlob: true, webauthn:virtualAuthenticators: true}
Session ID: f773f6048f885b62d8eb755c0b374f7e
at sun.reflect.NativeConstructorAccessorImpl.newInstance0(Native Method)
at sun.reflect.NativeConstructorAccessorImpl.newInstance(NativeConstructorAccessorImpl.java:62)
at sun.reflect.DelegatingConstructorAccessorImpl.newInstance(DelegatingConstructorAccessorImpl.java:45)
at java.lang.reflect.Constructor.newInstance(Constructor.java:423)
at org.openqa.selenium.remote.http.W3CHttpResponseCodec.createException(W3CHttpResponseCodec.java:187)
at org.openqa.selenium.remote.http.W3CHttpResponseCodec.decode(W3CHttpResponseCodec.java:122)
at org.openqa.selenium.remote.http.W3CHttpResponseCodec.decode(W3CHttpResponseCodec.java:49)
at org.openqa.selenium.remote.HttpCommandExecutor.execute(HttpCommandExecutor.java:158)
at org.openqa.selenium.remote.service.DriverCommandExecutor.execute(DriverCommandExecutor.java:83)
at org.openqa.selenium.remote.RemoteWebDriver.execute(RemoteWebDriver.java:543)
at org.openqa.selenium.remote.RemoteWebElement.execute(RemoteWebElement.java:276)
at org.openqa.selenium.remote.RemoteWebElement.click(RemoteWebElement.java:83)
at com.aisha.DemoQASiteTestNG.pageClasses.ElementsTextBoxPageClass.validateEmailAddress(ElementsTextBoxPageClass.java:92)
at com.aisha.DemoQASiteTestNG.TestClasses.TextBoxTest.isEmailBoxHighlighted(TextBoxTest.java:50)
at sun.reflect.NativeMethodAccessorImpl.invoke0(Native Method)
at sun.reflect.NativeMethodAccessorImpl.invoke(NativeMethodAccessorImpl.java:62)
at sun.reflect.DelegatingMethodAccessorImpl.invoke(DelegatingMethodAccessorImpl.java:43)
at java.lang.reflect.Method.invoke(Method.java:498)
at org.testng.internal.MethodInvocationHelper.invokeMethod(MethodInvocationHelper.java:124)
at org.testng.internal.Invoker.invokeMethod(Invoker.java:580)
at org.testng.internal.Invoker.invokeTestMethod(Invoker.java:716)
at org.testng.internal.Invoker.invokeTestMethods(Invoker.java:988)
at org.testng.internal.TestMethodWorker.invokeTestMethods(TestMethodWorker.java:125)
at org.testng.internal.TestMethodWorker.run(TestMethodWorker.java:109)
at org.testng.TestRunner.privateRun(TestRunner.java:648)
at org.testng.TestRunner.run(TestRunner.java:505)
at org.testng.SuiteRunner.runTest(SuiteRunner.java:455)
at org.testng.SuiteRunner.runSequentially(SuiteRunner.java:450)
at org.testng.SuiteRunner.privateRun(SuiteRunner.java:415)
at org.testng.SuiteRunner.run(SuiteRunner.java:364)
at org.testng.SuiteRunnerWorker.runSuite(SuiteRunnerWorker.java:52)
at org.testng.SuiteRunnerWorker.run(SuiteRunnerWorker.java:84)
at org.testng.TestNG.runSuitesSequentially(TestNG.java:1208)
at org.testng.TestNG.runSuitesLocally(TestNG.java:1137)
at org.testng.TestNG.runSuites(TestNG.java:1049)
at org.testng.TestNG.run(TestNG.java:1017)
at org.testng.remote.AbstractRemoteTestNG.run(AbstractRemoteTestNG.java:114)
at org.testng.remote.RemoteTestNG.initAndRun(RemoteTestNG.java:251)
at org.testng.remote.RemoteTestNG.main(RemoteTestNG.java:77)
]]>
    </failure>
  </testcase> <!-- isEmailBoxHighlighted -->
  <testcase name="isTextBoxOptionClickable" time="0.244" classname="com.aisha.DemoQASiteTestNG.TestClasses.TextBoxTest"/>
  <testcase name="verifyElementsForm" time="1.757" classname="com.aisha.DemoQASiteTestNG.TestClasses.TextBoxTest"/>
</testsuite> <!-- Default test -->
