<?xml version="1.0" encoding="UTF-8"?>
<!-- Generated by org.testng.reporters.JUnitXMLReporter -->
<testsuite hostname="DESKTOP-9S87ER3" ignored="3" name="Elements Test(failed)(failed)" tests="5" failures="4" timestamp="15 May 2021 17:00:40 GMT" time="31.96" errors="0">
  <testcase name="@AfterMethod tearDown" time="0.0" classname="com.aisha.DemoQASiteTestNG.TestClasses.TextBoxTest">
    <failure type="java.lang.NullPointerException">
      <![CDATA[java.lang.NullPointerException
at com.aisha.DemoQASiteTestNG.TestClasses.TextBoxTest.tearDown(TextBoxTest.java:67)
at java.util.concurrent.ThreadPoolExecutor.runWorker(ThreadPoolExecutor.java:1149)
at java.util.concurrent.ThreadPoolExecutor$Worker.run(ThreadPoolExecutor.java:624)
at java.lang.Thread.run(Thread.java:748)
... Removed 13 stack frames]]>
    </failure>
  </testcase> <!-- @AfterMethod tearDown -->
  <testcase name="validatecheckBoxOptionsDescription" time="1.127" classname="com.aisha.DemoQASiteTestNG.TestClasses.CheckBoxTest">
    <failure type="java.lang.NullPointerException">
      <![CDATA[java.lang.NullPointerException
at com.aisha.DemoQASiteTestNG.pageClasses.ElementsCheckBoxPageClass.checkBoxOptionsDescription(ElementsCheckBoxPageClass.java:51)
at com.aisha.DemoQASiteTestNG.TestClasses.CheckBoxTest.validatecheckBoxOptionsDescription(CheckBoxTest.java:39)
at java.util.concurrent.ThreadPoolExecutor.runWorker(ThreadPoolExecutor.java:1149)
at java.util.concurrent.ThreadPoolExecutor$Worker.run(ThreadPoolExecutor.java:624)
at java.lang.Thread.run(Thread.java:748)
... Removed 10 stack frames]]>
    </failure>
  </testcase> <!-- validatecheckBoxOptionsDescription -->
  <testcase name="isElementsCardClickable" time="1.121" classname="com.aisha.DemoQASiteTestNG.TestClasses.CheckBoxTest"/>
  <testcase name="validatecheckBoxOptionsDescription" time="1.113" classname="com.aisha.DemoQASiteTestNG.TestClasses.CheckBoxTest">
    <failure type="java.lang.NullPointerException">
      <![CDATA[java.lang.NullPointerException
at com.aisha.DemoQASiteTestNG.pageClasses.ElementsCheckBoxPageClass.checkBoxOptionsDescription(ElementsCheckBoxPageClass.java:51)
at com.aisha.DemoQASiteTestNG.TestClasses.CheckBoxTest.validatecheckBoxOptionsDescription(CheckBoxTest.java:39)
at java.util.concurrent.ThreadPoolExecutor.runWorker(ThreadPoolExecutor.java:1149)
at java.util.concurrent.ThreadPoolExecutor$Worker.run(ThreadPoolExecutor.java:624)
at java.lang.Thread.run(Thread.java:748)
... Removed 10 stack frames]]>
    </failure>
  </testcase> <!-- validatecheckBoxOptionsDescription -->
  <testcase name="validatecheckBoxOptionsDescription" time="1.123" classname="com.aisha.DemoQASiteTestNG.TestClasses.CheckBoxTest">
    <failure type="java.lang.NullPointerException">
      <![CDATA[java.lang.NullPointerException
at com.aisha.DemoQASiteTestNG.pageClasses.ElementsCheckBoxPageClass.checkBoxOptionsDescription(ElementsCheckBoxPageClass.java:51)
at com.aisha.DemoQASiteTestNG.TestClasses.CheckBoxTest.validatecheckBoxOptionsDescription(CheckBoxTest.java:39)
at java.util.concurrent.ThreadPoolExecutor.runWorker(ThreadPoolExecutor.java:1149)
at java.util.concurrent.ThreadPoolExecutor$Worker.run(ThreadPoolExecutor.java:624)
at java.lang.Thread.run(Thread.java:748)
... Removed 10 stack frames]]>
    </failure>
  </testcase> <!-- validatecheckBoxOptionsDescription -->
  <testcase name="isEmailBoxHighlighted" time="20.083" classname="com.aisha.DemoQASiteTestNG.TestClasses.TextBoxTest">
    <failure type="org.openqa.selenium.NoSuchElementException" message="no such element: Unable to locate element: {&amp;quot;method&amp;quot;:&amp;quot;xpath&amp;quot;,&amp;quot;selector&amp;quot;:&amp;quot;//li//span[text()=&amp;apos;Text Box&amp;apos;]&amp;quot;}
  (Session info: chrome=90.0.4430.212)
For documentation on this error, please visit: http://seleniumhq.org/exceptions/no_such_element.html
Build info: version: &amp;apos;3.12.0&amp;apos;, revision: &amp;apos;7c6e0b3&amp;apos;, time: &amp;apos;2018-05-08T15:15:03.216Z&amp;apos;
System info: host: &amp;apos;DESKTOP-9S87ER3&amp;apos;, ip: &amp;apos;192.168.1.13&amp;apos;, os.name: &amp;apos;Windows 10&amp;apos;, os.arch: &amp;apos;amd64&amp;apos;, os.version: &amp;apos;10.0&amp;apos;, java.version: &amp;apos;1.8.0_161&amp;apos;
Driver info: org.openqa.selenium.chrome.ChromeDriver
Capabilities {acceptInsecureCerts: false, browserName: chrome, browserVersion: 90.0.4430.212, chrome: {chromedriverVersion: 90.0.4430.24 (4c6d850f087da..., userDataDir: C:\Users\ROOHIA~1\AppData\L...}, goog:chromeOptions: {debuggerAddress: localhost:54071}, javascriptEnabled: true, networkConnectionEnabled: false, pageLoadStrategy: normal, platform: WINDOWS, platformName: WINDOWS, proxy: Proxy(), setWindowRect: true, strictFileInteractability: false, timeouts: {implicit: 0, pageLoad: 300000, script: 30000}, unhandledPromptBehavior: dismiss and notify, webauthn:extension:largeBlob: true, webauthn:virtualAuthenticators: true}
Session ID: daeac4b9511c675c61b77c0d42caf21b
*** Element info: {Using=xpath, value=//li//span[text()=&amp;apos;Text Box&amp;apos;]}">
      <![CDATA[org.openqa.selenium.NoSuchElementException: no such element: Unable to locate element: {"method":"xpath","selector":"//li//span[text()='Text Box']"}
  (Session info: chrome=90.0.4430.212)
For documentation on this error, please visit: http://seleniumhq.org/exceptions/no_such_element.html
Build info: version: '3.12.0', revision: '7c6e0b3', time: '2018-05-08T15:15:03.216Z'
System info: host: 'DESKTOP-9S87ER3', ip: '192.168.1.13', os.name: 'Windows 10', os.arch: 'amd64', os.version: '10.0', java.version: '1.8.0_161'
Driver info: org.openqa.selenium.chrome.ChromeDriver
Capabilities {acceptInsecureCerts: false, browserName: chrome, browserVersion: 90.0.4430.212, chrome: {chromedriverVersion: 90.0.4430.24 (4c6d850f087da..., userDataDir: C:\Users\ROOHIA~1\AppData\L...}, goog:chromeOptions: {debuggerAddress: localhost:54071}, javascriptEnabled: true, networkConnectionEnabled: false, pageLoadStrategy: normal, platform: WINDOWS, platformName: WINDOWS, proxy: Proxy(), setWindowRect: true, strictFileInteractability: false, timeouts: {implicit: 0, pageLoad: 300000, script: 30000}, unhandledPromptBehavior: dismiss and notify, webauthn:extension:largeBlob: true, webauthn:virtualAuthenticators: true}
Session ID: daeac4b9511c675c61b77c0d42caf21b
*** Element info: {Using=xpath, value=//li//span[text()='Text Box']}
at org.openqa.selenium.remote.http.W3CHttpResponseCodec.createException(W3CHttpResponseCodec.java:187)
at org.openqa.selenium.remote.http.W3CHttpResponseCodec.decode(W3CHttpResponseCodec.java:122)
at org.openqa.selenium.remote.http.W3CHttpResponseCodec.decode(W3CHttpResponseCodec.java:49)
at org.openqa.selenium.remote.HttpCommandExecutor.execute(HttpCommandExecutor.java:158)
at org.openqa.selenium.remote.service.DriverCommandExecutor.execute(DriverCommandExecutor.java:83)
at org.openqa.selenium.remote.RemoteWebDriver.execute(RemoteWebDriver.java:543)
at org.openqa.selenium.remote.RemoteWebDriver.findElement(RemoteWebDriver.java:317)
at org.openqa.selenium.remote.RemoteWebDriver.findElementByXPath(RemoteWebDriver.java:419)
at org.openqa.selenium.By$ByXPath.findElement(By.java:353)
at org.openqa.selenium.remote.RemoteWebDriver.findElement(RemoteWebDriver.java:309)
at com.aisha.DemoQASiteTestNG.pageClasses.ElementsTextBoxPageClass.validateEmailAddress(ElementsTextBoxPageClass.java:90)
at com.aisha.DemoQASiteTestNG.TestClasses.TextBoxTest.isEmailBoxHighlighted(TextBoxTest.java:50)
at java.util.concurrent.ThreadPoolExecutor.runWorker(ThreadPoolExecutor.java:1149)
at java.util.concurrent.ThreadPoolExecutor$Worker.run(ThreadPoolExecutor.java:624)
at java.lang.Thread.run(Thread.java:748)
... Removed 14 stack frames]]>
    </failure>
  </testcase> <!-- isEmailBoxHighlighted -->
  <testcase name="verifyElementsForm" time="0.0" classname="com.aisha.DemoQASiteTestNG.TestClasses.TextBoxTest">
    <ignored/>
  </testcase> <!-- verifyElementsForm -->
  <testcase name="isTextBoxOptionClickable" time="0.0" classname="com.aisha.DemoQASiteTestNG.TestClasses.TextBoxTest">
    <ignored/>
  </testcase> <!-- isTextBoxOptionClickable -->
  <testcase name="isElementsCardClickable" time="0.0" classname="com.aisha.DemoQASiteTestNG.TestClasses.TextBoxTest">
    <ignored/>
  </testcase> <!-- isElementsCardClickable -->
</testsuite> <!-- Elements Test(failed)(failed) -->
